<?xml version="1.0" encoding="UTF-8"?>
<!-- Generated by org.testng.reporters.JUnitReportReporter -->
<testsuite hostname="Mainaks-MacBook-Air.local" failures="0" tests="2" name="testcases.OrangeHRM_Sprint2" time="1.478" errors="1" timestamp="2022-05-28T00:54:39 IST" skipped="1">
  <testcase classname="testcases.OrangeHRM_Sprint2" name="validate_employee_added_successfully_by_readingconfigfile" time="0.000">
    <skipped/>
  </testcase> <!-- validate_employee_added_successfully_by_readingconfigfile -->
  <system-out/>
  <testcase classname="testcases.OrangeHRM_Sprint2" name="int_browser_and_launch_URL" time="1.478">
    <error message="unknown error: Chrome failed to start: crashed.
  (chrome not reachable)
  (The process started from chrome location /Applications/Google Chrome.app/Contents/MacOS/Google Chrome is no longer running, so ChromeDriver is assuming that Chrome has crashed.)
Build info: version: &#039;4.0.0-alpha-7&#039;, revision: &#039;de8579b6d5&#039;
System info: host: &#039;Mainaks-MacBook-Air.local&#039;, ip: &#039;2400:3ce0:0:228a:7dd3:b62e:d65:806e%en0&#039;, os.name: &#039;Mac OS X&#039;, os.arch: &#039;x86_64&#039;, os.version: &#039;11.3&#039;, java.version: &#039;16.0.2&#039;
Driver info: driver.version: ChromeDriver
remote stacktrace: 0   chromedriver                        0x0000000104c6cd19 chromedriver + 5197081
1   chromedriver                        0x0000000104bfab23 chromedriver + 4729635
2   chromedriver                        0x00000001047d82b8 chromedriver + 393912
3   chromedriver                        0x00000001047fae5e chromedriver + 536158
4   chromedriver                        0x00000001047f68a6 chromedriver + 518310
5   chromedriver                        0x00000001048304ba chromedriver + 754874
6   chromedriver                        0x000000010482a6f3 chromedriver + 730867
7   chromedriver                        0x0000000104800a49 chromedriver + 559689
8   chromedriver                        0x0000000104801a75 chromedriver + 563829
9   chromedriver                        0x0000000104c3ebdd chromedriver + 5008349
10  chromedriver                        0x0000000104c43b64 chromedriver + 5028708
11  chromedriver                        0x0000000104c48bcf chromedriver + 5049295
12  chromedriver                        0x0000000104c447ca chromedriver + 5031882
13  chromedriver                        0x0000000104c1e59f chromedriver + 4875679
14  chromedriver                        0x0000000104c5e388 chromedriver + 5137288
15  chromedriver                        0x0000000104c5e50f chromedriver + 5137679
16  chromedriver                        0x0000000104c74085 chromedriver + 5226629
17  libsystem_pthread.dylib             0x00007ff8139d14e1 _pthread_start + 125
18  libsystem_pthread.dylib             0x00007ff8139ccf6b thread_start + 15
" type="org.openqa.selenium.WebDriverException">
      <![CDATA[org.openqa.selenium.WebDriverException: unknown error: Chrome failed to start: crashed.
  (chrome not reachable)
  (The process started from chrome location /Applications/Google Chrome.app/Contents/MacOS/Google Chrome is no longer running, so ChromeDriver is assuming that Chrome has crashed.)
Build info: version: '4.0.0-alpha-7', revision: 'de8579b6d5'
System info: host: 'Mainaks-MacBook-Air.local', ip: '2400:3ce0:0:228a:7dd3:b62e:d65:806e%en0', os.name: 'Mac OS X', os.arch: 'x86_64', os.version: '11.3', java.version: '16.0.2'
Driver info: driver.version: ChromeDriver
remote stacktrace: 0   chromedriver                        0x0000000104c6cd19 chromedriver + 5197081
1   chromedriver                        0x0000000104bfab23 chromedriver + 4729635
2   chromedriver                        0x00000001047d82b8 chromedriver + 393912
3   chromedriver                        0x00000001047fae5e chromedriver + 536158
4   chromedriver                        0x00000001047f68a6 chromedriver + 518310
5   chromedriver                        0x00000001048304ba chromedriver + 754874
6   chromedriver                        0x000000010482a6f3 chromedriver + 730867
7   chromedriver                        0x0000000104800a49 chromedriver + 559689
8   chromedriver                        0x0000000104801a75 chromedriver + 563829
9   chromedriver                        0x0000000104c3ebdd chromedriver + 5008349
10  chromedriver                        0x0000000104c43b64 chromedriver + 5028708
11  chromedriver                        0x0000000104c48bcf chromedriver + 5049295
12  chromedriver                        0x0000000104c447ca chromedriver + 5031882
13  chromedriver                        0x0000000104c1e59f chromedriver + 4875679
14  chromedriver                        0x0000000104c5e388 chromedriver + 5137288
15  chromedriver                        0x0000000104c5e50f chromedriver + 5137679
16  chromedriver                        0x0000000104c74085 chromedriver + 5226629
17  libsystem_pthread.dylib             0x00007ff8139d14e1 _pthread_start + 125
18  libsystem_pthread.dylib             0x00007ff8139ccf6b thread_start + 15

at java.base/jdk.internal.reflect.NativeConstructorAccessorImpl.newInstance0(Native Method)
at java.base/jdk.internal.reflect.NativeConstructorAccessorImpl.newInstance(NativeConstructorAccessorImpl.java:78)
at java.base/jdk.internal.reflect.DelegatingConstructorAccessorImpl.newInstance(DelegatingConstructorAccessorImpl.java:45)
at java.base/java.lang.reflect.Constructor.newInstanceWithCaller(Constructor.java:499)
at java.base/java.lang.reflect.Constructor.newInstance(Constructor.java:480)
at org.openqa.selenium.remote.W3CHandshakeResponse.lambda$errorHandler$0(W3CHandshakeResponse.java:62)
at org.openqa.selenium.remote.HandshakeResponse.lambda$getResponseFunction$0(HandshakeResponse.java:30)
at org.openqa.selenium.remote.ProtocolHandshake.lambda$createSession$1(ProtocolHandshake.java:126)
at java.base/java.util.stream.ReferencePipeline$3$1.accept(ReferencePipeline.java:197)
at java.base/java.util.Spliterators$ArraySpliterator.tryAdvance(Spliterators.java:958)
at java.base/java.util.stream.ReferencePipeline.forEachWithCancel(ReferencePipeline.java:129)
at java.base/java.util.stream.AbstractPipeline.copyIntoWithCancel(AbstractPipeline.java:502)
at java.base/java.util.stream.AbstractPipeline.copyInto(AbstractPipeline.java:488)
at java.base/java.util.stream.AbstractPipeline.wrapAndCopyInto(AbstractPipeline.java:474)
at java.base/java.util.stream.FindOps$FindOp.evaluateSequential(FindOps.java:150)
at java.base/java.util.stream.AbstractPipeline.evaluate(AbstractPipeline.java:234)
at java.base/java.util.stream.ReferencePipeline.findFirst(ReferencePipeline.java:647)
at org.openqa.selenium.remote.ProtocolHandshake.createSession(ProtocolHandshake.java:128)
at org.openqa.selenium.remote.ProtocolHandshake.createSession(ProtocolHandshake.java:75)
at org.openqa.selenium.remote.HttpCommandExecutor.execute(HttpCommandExecutor.java:139)
at org.openqa.selenium.remote.service.DriverCommandExecutor.execute(DriverCommandExecutor.java:123)
at org.openqa.selenium.remote.RemoteWebDriver.execute(RemoteWebDriver.java:501)
at org.openqa.selenium.remote.RemoteWebDriver.startSession(RemoteWebDriver.java:207)
at org.openqa.selenium.remote.RemoteWebDriver.<init>(RemoteWebDriver.java:127)
at org.openqa.selenium.chromium.ChromiumDriver.<init>(ChromiumDriver.java:93)
at org.openqa.selenium.chrome.ChromeDriver.<init>(ChromeDriver.java:163)
at org.openqa.selenium.chrome.ChromeDriver.<init>(ChromeDriver.java:150)
at org.openqa.selenium.chrome.ChromeDriver.<init>(ChromeDriver.java:105)
at resources.BaseClass.int_browser_and_launch_URL(BaseClass.java:105)
at java.base/jdk.internal.reflect.NativeMethodAccessorImpl.invoke0(Native Method)
at java.base/jdk.internal.reflect.NativeMethodAccessorImpl.invoke(NativeMethodAccessorImpl.java:78)
at java.base/jdk.internal.reflect.DelegatingMethodAccessorImpl.invoke(DelegatingMethodAccessorImpl.java:43)
at java.base/java.lang.reflect.Method.invoke(Method.java:567)
at org.testng.internal.MethodInvocationHelper.invokeMethod(MethodInvocationHelper.java:133)
at org.testng.internal.MethodInvocationHelper.invokeMethodConsideringTimeout(MethodInvocationHelper.java:62)
at org.testng.internal.ConfigInvoker.invokeConfigurationMethod(ConfigInvoker.java:385)
at org.testng.internal.ConfigInvoker.invokeConfigurations(ConfigInvoker.java:321)
at org.testng.internal.TestInvoker.runConfigMethods(TestInvoker.java:700)
at org.testng.internal.TestInvoker.invokeMethod(TestInvoker.java:527)
at org.testng.internal.TestInvoker.invokeTestMethod(TestInvoker.java:173)
at org.testng.internal.MethodRunner.runInSequence(MethodRunner.java:46)
at org.testng.internal.TestInvoker$MethodInvocationAgent.invoke(TestInvoker.java:824)
at org.testng.internal.TestInvoker.invokeTestMethods(TestInvoker.java:146)
at org.testng.internal.TestMethodWorker.invokeTestMethods(TestMethodWorker.java:146)
at org.testng.internal.TestMethodWorker.run(TestMethodWorker.java:128)
at java.base/java.util.ArrayList.forEach(ArrayList.java:1511)
at org.testng.TestRunner.privateRun(TestRunner.java:794)
at org.testng.TestRunner.run(TestRunner.java:596)
at org.testng.SuiteRunner.runTest(SuiteRunner.java:377)
at org.testng.SuiteRunner.runSequentially(SuiteRunner.java:371)
at org.testng.SuiteRunner.privateRun(SuiteRunner.java:332)
at org.testng.SuiteRunner.run(SuiteRunner.java:276)
at org.testng.SuiteRunnerWorker.runSuite(SuiteRunnerWorker.java:53)
at org.testng.SuiteRunnerWorker.run(SuiteRunnerWorker.java:96)
at org.testng.TestNG.runSuitesSequentially(TestNG.java:1212)
at org.testng.TestNG.runSuitesLocally(TestNG.java:1134)
at org.testng.TestNG.runSuites(TestNG.java:1063)
at org.testng.TestNG.run(TestNG.java:1031)
at org.testng.remote.AbstractRemoteTestNG.run(AbstractRemoteTestNG.java:115)
at org.testng.remote.RemoteTestNG.initAndRun(RemoteTestNG.java:251)
at org.testng.remote.RemoteTestNG.main(RemoteTestNG.java:77)
]]>
    </error>
  </testcase> <!-- int_browser_and_launch_URL -->
  <system-out/>
</testsuite> <!-- testcases.OrangeHRM_Sprint2 -->
