<?xml version="1.0" encoding="UTF-8"?>
<!-- Generated by org.testng.reporters.JUnitXMLReporter -->
<testsuite ignored="4" hostname="Mainaks-MacBook-Air.local" failures="1" tests="4" name="Test" time="75.938" errors="0" timestamp="2022-05-28T00:54:39 IST">
  <testcase classname="resources.BaseClass" name="@BeforeMethod int_browser_and_launch_URL" time="1.478">
    <failure type="org.openqa.selenium.WebDriverException" message="unknown error: Chrome failed to start: crashed.
  (chrome not reachable)
  (The process started from chrome location /Applications/Google Chrome.app/Contents/MacOS/Google Chrome is no longer running, so ChromeDriver is assuming that Chrome has crashed.)
Build info: version: &amp;apos;4.0.0-alpha-7&amp;apos;, revision: &amp;apos;de8579b6d5&amp;apos;
System info: host: &amp;apos;Mainaks-MacBook-Air.local&amp;apos;, ip: &amp;apos;2400:3ce0:0:228a:7dd3:b62e:d65:806e%en0&amp;apos;, os.name: &amp;apos;Mac OS X&amp;apos;, os.arch: &amp;apos;x86_64&amp;apos;, os.version: &amp;apos;11.3&amp;apos;, java.version: &amp;apos;16.0.2&amp;apos;
Driver info: driver.version: ChromeDriver
remote stacktrace: 0   chromedriver                        0x0000000104c6cd19 chromedriver + 5197081
1   chromedriver                        0x0000000104bfab23 chromedriver + 4729635
2   chromedriver                        0x00000001047d82b8 chromedriver + 393912
3   chromedriver                        0x00000001047fae5e chromedriver + 536158
4   chromedriver                        0x00000001047f68a6 chromedriver + 518310
5   chromedriver                        0x00000001048304ba chromedriver + 754874
6   chromedriver                        0x000000010482a6f3 chromedriver + 730867
7   chromedriver                        0x0000000104800a49 chromedriver + 559689
8   chromedriver                        0x0000000104801a75 chromedriver + 563829
9   chromedriver                        0x0000000104c3ebdd chromedriver + 5008349
10  chromedriver                        0x0000000104c43b64 chromedriver + 5028708
11  chromedriver                        0x0000000104c48bcf chromedriver + 5049295
12  chromedriver                        0x0000000104c447ca chromedriver + 5031882
13  chromedriver                        0x0000000104c1e59f chromedriver + 4875679
14  chromedriver                        0x0000000104c5e388 chromedriver + 5137288
15  chromedriver                        0x0000000104c5e50f chromedriver + 5137679
16  chromedriver                        0x0000000104c74085 chromedriver + 5226629
17  libsystem_pthread.dylib             0x00007ff8139d14e1 _pthread_start + 125
18  libsystem_pthread.dylib             0x00007ff8139ccf6b thread_start + 15
">
      <![CDATA[org.openqa.selenium.WebDriverException: unknown error: Chrome failed to start: crashed.
  (chrome not reachable)
  (The process started from chrome location /Applications/Google Chrome.app/Contents/MacOS/Google Chrome is no longer running, so ChromeDriver is assuming that Chrome has crashed.)
Build info: version: '4.0.0-alpha-7', revision: 'de8579b6d5'
System info: host: 'Mainaks-MacBook-Air.local', ip: '2400:3ce0:0:228a:7dd3:b62e:d65:806e%en0', os.name: 'Mac OS X', os.arch: 'x86_64', os.version: '11.3', java.version: '16.0.2'
Driver info: driver.version: ChromeDriver
remote stacktrace: 0   chromedriver                        0x0000000104c6cd19 chromedriver + 5197081
1   chromedriver                        0x0000000104bfab23 chromedriver + 4729635
2   chromedriver                        0x00000001047d82b8 chromedriver + 393912
3   chromedriver                        0x00000001047fae5e chromedriver + 536158
4   chromedriver                        0x00000001047f68a6 chromedriver + 518310
5   chromedriver                        0x00000001048304ba chromedriver + 754874
6   chromedriver                        0x000000010482a6f3 chromedriver + 730867
7   chromedriver                        0x0000000104800a49 chromedriver + 559689
8   chromedriver                        0x0000000104801a75 chromedriver + 563829
9   chromedriver                        0x0000000104c3ebdd chromedriver + 5008349
10  chromedriver                        0x0000000104c43b64 chromedriver + 5028708
11  chromedriver                        0x0000000104c48bcf chromedriver + 5049295
12  chromedriver                        0x0000000104c447ca chromedriver + 5031882
13  chromedriver                        0x0000000104c1e59f chromedriver + 4875679
14  chromedriver                        0x0000000104c5e388 chromedriver + 5137288
15  chromedriver                        0x0000000104c5e50f chromedriver + 5137679
16  chromedriver                        0x0000000104c74085 chromedriver + 5226629
17  libsystem_pthread.dylib             0x00007ff8139d14e1 _pthread_start + 125
18  libsystem_pthread.dylib             0x00007ff8139ccf6b thread_start + 15

at org.openqa.selenium.remote.W3CHandshakeResponse.lambda$errorHandler$0(W3CHandshakeResponse.java:62)
at org.openqa.selenium.remote.HandshakeResponse.lambda$getResponseFunction$0(HandshakeResponse.java:30)
at org.openqa.selenium.remote.ProtocolHandshake.lambda$createSession$1(ProtocolHandshake.java:126)
at java.base/java.util.stream.ReferencePipeline$3$1.accept(ReferencePipeline.java:197)
at java.base/java.util.Spliterators$ArraySpliterator.tryAdvance(Spliterators.java:958)
at java.base/java.util.stream.ReferencePipeline.forEachWithCancel(ReferencePipeline.java:129)
at java.base/java.util.stream.AbstractPipeline.copyIntoWithCancel(AbstractPipeline.java:502)
at java.base/java.util.stream.AbstractPipeline.copyInto(AbstractPipeline.java:488)
at java.base/java.util.stream.AbstractPipeline.wrapAndCopyInto(AbstractPipeline.java:474)
at java.base/java.util.stream.FindOps$FindOp.evaluateSequential(FindOps.java:150)
at java.base/java.util.stream.AbstractPipeline.evaluate(AbstractPipeline.java:234)
at java.base/java.util.stream.ReferencePipeline.findFirst(ReferencePipeline.java:647)
at org.openqa.selenium.remote.ProtocolHandshake.createSession(ProtocolHandshake.java:128)
at org.openqa.selenium.remote.ProtocolHandshake.createSession(ProtocolHandshake.java:75)
at org.openqa.selenium.remote.HttpCommandExecutor.execute(HttpCommandExecutor.java:139)
at org.openqa.selenium.remote.service.DriverCommandExecutor.execute(DriverCommandExecutor.java:123)
at org.openqa.selenium.remote.RemoteWebDriver.execute(RemoteWebDriver.java:501)
at org.openqa.selenium.remote.RemoteWebDriver.startSession(RemoteWebDriver.java:207)
at org.openqa.selenium.remote.RemoteWebDriver.<init>(RemoteWebDriver.java:127)
at org.openqa.selenium.chromium.ChromiumDriver.<init>(ChromiumDriver.java:93)
at org.openqa.selenium.chrome.ChromeDriver.<init>(ChromeDriver.java:163)
at org.openqa.selenium.chrome.ChromeDriver.<init>(ChromeDriver.java:150)
at org.openqa.selenium.chrome.ChromeDriver.<init>(ChromeDriver.java:105)
at resources.BaseClass.int_browser_and_launch_URL(BaseClass.java:105)
at java.base/java.util.ArrayList.forEach(ArrayList.java:1511)
... Removed 36 stack frames]]>
    </failure>
  </testcase> <!-- @BeforeMethod int_browser_and_launch_URL -->
  <testcase classname="resources.BaseClass" name="@AfterMethod teardown" time="-1.653679445779E9">
    <skipped/>
  </testcase> <!-- @AfterMethod teardown -->
  <testcase classname="testcases.OrangeHRM_Sprint1" name="to_validate_dashboard_quicklaunch_text" time="0.193">
    <failure type="java.lang.AssertionError" message="expected [Quick Launc] but found [Quick Launch]">
      <![CDATA[java.lang.AssertionError: expected [Quick Launc] but found [Quick Launch]
at testcases.OrangeHRM_Sprint1.to_validate_dashboard_quicklaunch_text(OrangeHRM_Sprint1.java:42)
at java.base/java.util.ArrayList.forEach(ArrayList.java:1511)
... Removed 33 stack frames]]>
    </failure>
  </testcase> <!-- to_validate_dashboard_quicklaunch_text -->
  <testcase classname="testcases.OrangeHRM_Sprint1" name="to_validate_successful_login" time="0.495"/>
  <testcase classname="testcases.OrangeHRM_Sprint2" name="validate_employee_added_successfully_by_readingconfigfile" time="0.0">
    <skipped/>
  </testcase> <!-- validate_employee_added_successfully_by_readingconfigfile -->
  <testcase classname="testcases.OrangeHRM_Sprint3" name="validate_employee_added_successfully_by_readingExcelfile" time="15.943"/>
  <testcase classname="resources.BaseClass" name="@BeforeSuite read_Config_properties" time="0.0">
    <ignored/>
  </testcase> <!-- @BeforeSuite read_Config_properties -->
  <testcase classname="resources.BaseClass" name="@BeforeSuite read_Config_properties" time="0.0">
    <ignored/>
  </testcase> <!-- @BeforeSuite read_Config_properties -->
  <testcase classname="resources.BaseClass" name="@BeforeTest init" time="0.0">
    <ignored/>
  </testcase> <!-- @BeforeTest init -->
  <testcase classname="resources.BaseClass" name="@BeforeTest init" time="0.0">
    <ignored/>
  </testcase> <!-- @BeforeTest init -->
</testsuite> <!-- Test -->
