<?xml version="1.0" encoding="UTF-8"?>
<!-- Generated by org.testng.reporters.JUnitXMLReporter -->
<testsuite ignored="0" hostname="Mainaks-MacBook-Air.local" failures="1" tests="2" name="Validating home page" time="40.698" errors="0" timestamp="2022-01-23T21:03:45 IST">
  <testcase classname="com.test.testcases.Validate_Homepage" name="validateheadercourses" time="0.689">
    <failure type="java.lang.AssertionError" message="expected [COURSES123] but found [COURSES]">
      <![CDATA[java.lang.AssertionError: expected [COURSES123] but found [COURSES]
at com.test.testcases.Validate_Homepage.validateheadercourses(Validate_Homepage.java:39)
at java.base/java.util.ArrayList.forEach(ArrayList.java:1511)
... Removed 33 stack frames]]>
    </failure>
  </testcase> <!-- validateheadercourses -->
  <testcase classname="com.test.testcases.Validate_Homepage" name="validateheaderhome" time="0.558"/>
</testsuite> <!-- Validating home page -->
